<?xml version="1.0" encoding="UTF-8"?>
<testng-results ignored="0" total="1" passed="1" failed="0" skipped="0">
  <reporter-output>
  </reporter-output>
  <suite started-at="2023-01-17T11:47:05 IST" name="Default suite" finished-at="2023-01-17T11:47:10 IST" duration-ms="5088">
    <groups>
    </groups>
    <test started-at="2023-01-17T11:47:05 IST" name="Default test" finished-at="2023-01-17T11:47:10 IST" duration-ms="5088">
      <class name="rest_assured.Add_Place_Api">
        <test-method signature="post()[pri:0, instance:rest_assured.Add_Place_Api@27ce24aa]" started-at="2023-01-17T11:47:05 IST" name="post" finished-at="2023-01-17T11:47:10 IST" duration-ms="5034" status="PASS">
          <reporter-output>
          </reporter-output>
        </test-method> <!-- post -->
      </class> <!-- rest_assured.Add_Place_Api -->
    </test> <!-- Default test -->
  </suite> <!-- Default suite -->
</testng-results>
